\BOOKMARK [0][-]{chapter*.3}{Abbildungsverzeichnis}{}% 1
\BOOKMARK [0][-]{chapter.1}{Einleitung}{}% 2
\BOOKMARK [1][-]{section.1.1}{Motivation}{chapter.1}% 3
\BOOKMARK [1][-]{section.1.2}{Zielsetzung und Vorgehen}{chapter.1}% 4
\BOOKMARK [1][-]{section.1.3}{Begriffsdefinition und Grundlagen der Nebenl\344ufigkeit}{chapter.1}% 5
\BOOKMARK [1][-]{section.1.4}{Prozesse und Threads}{chapter.1}% 6
\BOOKMARK [2][-]{subsection.1.4.1}{Prozess}{section.1.4}% 7
\BOOKMARK [2][-]{subsection.1.4.2}{Thread}{section.1.4}% 8
\BOOKMARK [1][-]{section.1.5}{Botschaftenaustausch und Kommunikation}{chapter.1}% 9
\BOOKMARK [2][-]{subsection.1.5.1}{Geteilte Datei/ Speicher}{section.1.5}% 10
\BOOKMARK [2][-]{subsection.1.5.2}{MessageQueues}{section.1.5}% 11
\BOOKMARK [1][-]{section.1.6}{Risiken von Nebenl\344ufigkeit}{chapter.1}% 12
\BOOKMARK [2][-]{subsection.1.6.1}{Philosophenproblem}{section.1.6}% 13
\BOOKMARK [2][-]{subsection.1.6.2}{Race Conditions}{section.1.6}% 14
\BOOKMARK [2][-]{subsection.1.6.3}{Speicherleck}{section.1.6}% 15
\BOOKMARK [2][-]{subsection.1.6.4}{Reihenfolgeproblem}{section.1.6}% 16
\BOOKMARK [1][-]{section.1.7}{Parallelverarbeitung und Besonderheiten unter Android}{chapter.1}% 17
\BOOKMARK [2][-]{subsection.1.7.1}{Prozesse und Threads unter Android}{section.1.7}% 18
\BOOKMARK [2][-]{subsection.1.7.2}{Besonderheiten im Android Umfeld bez\374glich des Thread Managements}{section.1.7}% 19
\BOOKMARK [1][-]{section.1.8}{Anforderungen an Applikationen}{chapter.1}% 20
\BOOKMARK [1][-]{section.1.9}{Fokus und Eingrenzung}{chapter.1}% 21
\BOOKMARK [0][-]{chapter.2}{Asynchrone Parallelverarbeitung unter Android}{}% 22
\BOOKMARK [1][-]{section.2.1}{Bolckierung der Ein-/Ausgabe durch zeitintensive Verarbeitung}{chapter.2}% 23
\BOOKMARK [1][-]{section.2.2}{Parallelverarbeitung mit der Java Standard Edition \(Java Concurrency\)}{chapter.2}% 24
\BOOKMARK [2][-]{subsection.2.2.1}{Handler-Looper Mechanismus zur Inter-Thread-Kommunikation}{section.2.2}% 25
\BOOKMARK [2][-]{subsection.2.2.2}{Verwendung des Handler Looper Mechnismus}{section.2.2}% 26
\BOOKMARK [2][-]{subsection.2.2.3}{Probleme bei der Nutzung des Handler Looper Mechanismus}{section.2.2}% 27
\BOOKMARK [2][-]{subsection.2.2.4}{Vorsicht im Umgang mit Java Futures}{section.2.2}% 28
\BOOKMARK [1][-]{section.2.3}{Parallelverarbeitung mit AndroidAsyncTask \(Anroid Concurrency\)}{chapter.2}% 29
\BOOKMARK [2][-]{subsection.2.3.1}{Ausf\374hrungsmodell von Android AsyncTask in Bezug auf Multi Threading}{section.2.3}% 30
\BOOKMARK [1][-]{section.2.4}{Erkennung und Interpretation von Gesten sowie Steuerung jeweiliger Funktionalit\344t durch Gesten}{chapter.2}% 31
\BOOKMARK [1][-]{section.2.5}{Gestengesteuertes Vergr\366\337ern und Verkleinern sowie Ver\344nderung des Fokus f\374r Darstellungsobjekte vom Typ ImageView}{chapter.2}% 32
\BOOKMARK [1][-]{section.2.6}{Abstraktion gestengesteuerter Funktionalit\344ten zum Skalieren und Fokussieren von Darstellungselementen}{chapter.2}% 33
\BOOKMARK [2][-]{subsection.2.6.1}{Generalisierung der Funktionalit\344ten zum Skalieren und Fokussieren von Darstellungselementen}{section.2.6}% 34
\BOOKMARK [2][-]{subsection.2.6.2}{Ausblick zur Integration der generischen Implementierung zu gestengesteuerten Funktionalit\344ten}{section.2.6}% 35
\BOOKMARK [1][-]{section.2.7}{Fazit}{chapter.2}% 36
\BOOKMARK [0][-]{lstnumber.1.229}{Anhang}{}% 37
\BOOKMARK [0][-]{appendix.A}{Erkl\344rung}{}% 38
