This is pdfTeX, Version 3.1415926-2.3-1.40.12 (MiKTeX 2.9) (preloaded format=pdftex 2015.11.12)  22 NOV 2015 23:36
entering extended mode
**C:/projects/ReactiveAndroid/XXDokument/Thesis/MasterThesis_Konzepte_der_Neben
l√§ufigkeit_v1.0.bib

(C:/projects/ReactiveAndroid/XXDokument/Thesis/MasterThesis_Konzepte_der_Nebenl
√§ufigkeit_v1.0.bib
Missing character: There is no √ in font cmr10!
Missing character: There is no § in font cmr10!
Missing character: There is no √ in font cmr10!
Missing character: There is no º in font cmr10!
Missing character: There is no √ in font cmr10!
Missing character: There is no º in font cmr10!
Missing character: There is no ‚ in font cmr10!
Missing character: There is no Ä in font cmr10!
Missing character: There is no ì in font cmr10!
Missing character: There is no √ in font cmr10!
Missing character: There is no § in font cmr10!
Missing character: There is no √ in font cmr10!
Missing character: There is no º in font cmr10!
Missing character: There is no √ in font cmr10!
Missing character: There is no º in font cmr10!
Missing character: There is no √ in font cmr10!
Missing character: There is no ∂ in font cmr10!
Missing character: There is no √ in font cmr10!
Missing character: There is no º in font cmr10!
)
*
! Emergency stop.
<*> ...esis_Konzepte_der_Nebenl√§ufigkeit_v1.0.bib
                                                  
End of file on the terminal!

!  ==> Fatal error occurred, no output PDF file produced!
